<?xml version="1.0" encoding="utf-8"?><testsuites name="pytest tests"><testsuite name="pytest" errors="0" failures="0" skipped="0" tests="11" time="4.111" timestamp="2026-04-11T07:43:13.937764+00:00" hostname="agent-env-0b99fbb9-4a42-473b-9dca-4c77317a15e1"><testcase classname="tests.test_floarea_api.TestHealth" name="test_health_endpoint" time="0.216" /><testcase classname="tests.test_floarea_api.TestAuth" name="test_login_admin" time="0.337" /><testcase classname="tests.test_floarea_api.TestAuth" name="test_register_new_user" time="0.361" /><testcase classname="tests.test_floarea_api.TestAuth" name="test_login_invalid_credentials" time="0.111" /><testcase classname="tests.test_floarea_api.TestCollections" name="test_get_all_collections" time="0.295" /><testcase classname="tests.test_floarea_api.TestCollections" name="test_get_featured_collections" time="0.214" /><testcase classname="tests.test_floarea_api.TestCollections" name="test_get_single_collection" time="0.336" /><testcase classname="tests.test_floarea_api.TestProducts" name="test_get_all_products" time="0.354" /><testcase classname="tests.test_floarea_api.TestProducts" name="test_get_products_by_collection" time="0.379" /><testcase classname="tests.test_floarea_api.TestProducts" name="test_get_single_product" time="0.476" /><testcase classname="tests.test_floarea_api.TestCart" name="test_create_cart_with_valid_variant" time="0.940" /></testsuite></testsuites>